[0.008s] Invoking command in '/home/junghw/ws_ddmobile/build/mobile_dd_robot': /usr/bin/cmake --build /home/junghw/ws_ddmobile/build/mobile_dd_robot -- -j6 -l6
[0.039s] Invoked command in '/home/junghw/ws_ddmobile/build/mobile_dd_robot' returned '0': /usr/bin/cmake --build /home/junghw/ws_ddmobile/build/mobile_dd_robot -- -j6 -l6
[0.064s] Invoking command in '/home/junghw/ws_ddmobile/build/mobile_dd_robot': /usr/bin/cmake --install /home/junghw/ws_ddmobile/build/mobile_dd_robot
[0.070s] -- Install configuration: ""
[0.070s] -- Up-to-date: /home/junghw/ws_ddmobile/install/mobile_dd_robot/share/mobile_dd_robot/launch
[0.070s] -- Up-to-date: /home/junghw/ws_ddmobile/install/mobile_dd_robot/share/mobile_dd_robot/launch/gazebo_model.launch.py
[0.070s] -- Up-to-date: /home/junghw/ws_ddmobile/install/mobile_dd_robot/share/mobile_dd_robot/model
[0.070s] -- Installing: /home/junghw/ws_ddmobile/install/mobile_dd_robot/share/mobile_dd_robot/model/robot.gazebo
[0.070s] -- Installing: /home/junghw/ws_ddmobile/install/mobile_dd_robot/share/mobile_dd_robot/model/robot.xacro
[0.070s] -- Up-to-date: /home/junghw/ws_ddmobile/install/mobile_dd_robot/share/ament_index/resource_index/package_run_dependencies/mobile_dd_robot
[0.071s] -- Up-to-date: /home/junghw/ws_ddmobile/install/mobile_dd_robot/share/ament_index/resource_index/parent_prefix_path/mobile_dd_robot
[0.071s] -- Up-to-date: /home/junghw/ws_ddmobile/install/mobile_dd_robot/share/mobile_dd_robot/environment/ament_prefix_path.sh
[0.071s] -- Up-to-date: /home/junghw/ws_ddmobile/install/mobile_dd_robot/share/mobile_dd_robot/environment/ament_prefix_path.dsv
[0.071s] -- Up-to-date: /home/junghw/ws_ddmobile/install/mobile_dd_robot/share/mobile_dd_robot/environment/path.sh
[0.071s] -- Up-to-date: /home/junghw/ws_ddmobile/install/mobile_dd_robot/share/mobile_dd_robot/environment/path.dsv
[0.071s] -- Up-to-date: /home/junghw/ws_ddmobile/install/mobile_dd_robot/share/mobile_dd_robot/local_setup.bash
[0.071s] -- Up-to-date: /home/junghw/ws_ddmobile/install/mobile_dd_robot/share/mobile_dd_robot/local_setup.sh
[0.071s] -- Up-to-date: /home/junghw/ws_ddmobile/install/mobile_dd_robot/share/mobile_dd_robot/local_setup.zsh
[0.071s] -- Up-to-date: /home/junghw/ws_ddmobile/install/mobile_dd_robot/share/mobile_dd_robot/local_setup.dsv
[0.071s] -- Installing: /home/junghw/ws_ddmobile/install/mobile_dd_robot/share/mobile_dd_robot/package.dsv
[0.071s] -- Up-to-date: /home/junghw/ws_ddmobile/install/mobile_dd_robot/share/ament_index/resource_index/packages/mobile_dd_robot
[0.071s] -- Up-to-date: /home/junghw/ws_ddmobile/install/mobile_dd_robot/share/mobile_dd_robot/cmake/mobile_dd_robotConfig.cmake
[0.071s] -- Up-to-date: /home/junghw/ws_ddmobile/install/mobile_dd_robot/share/mobile_dd_robot/cmake/mobile_dd_robotConfig-version.cmake
[0.071s] -- Up-to-date: /home/junghw/ws_ddmobile/install/mobile_dd_robot/share/mobile_dd_robot/package.xml
[0.073s] Invoked command in '/home/junghw/ws_ddmobile/build/mobile_dd_robot' returned '0': /usr/bin/cmake --install /home/junghw/ws_ddmobile/build/mobile_dd_robot
