[0.009s] Invoking command in '/home/junghw/ws_ddmobile/build/mobile_dd_robot': CMAKE_PREFIX_PATH=${CMAKE_PREFIX_PATH}:/opt/ros/iron /usr/bin/cmake --build /home/junghw/ws_ddmobile/build/mobile_dd_robot -- -j6 -l6
[0.029s] -- Found ament_cmake: 2.0.6 (/opt/ros/iron/share/ament_cmake/cmake)
[0.153s] -- Found ament_lint_auto: 0.14.4 (/opt/ros/iron/share/ament_lint_auto/cmake)
[0.212s] -- Added test 'lint_cmake' to check CMake code style
[0.213s] -- Added test 'xmllint' to check XML markup files
[0.213s] -- Configuring done
[0.216s] -- Generating done
[0.217s] -- Build files have been written to: /home/junghw/ws_ddmobile/build/mobile_dd_robot
[0.235s] Invoked command in '/home/junghw/ws_ddmobile/build/mobile_dd_robot' returned '0': CMAKE_PREFIX_PATH=${CMAKE_PREFIX_PATH}:/opt/ros/iron /usr/bin/cmake --build /home/junghw/ws_ddmobile/build/mobile_dd_robot -- -j6 -l6
[0.264s] Invoking command in '/home/junghw/ws_ddmobile/build/mobile_dd_robot': CMAKE_PREFIX_PATH=${CMAKE_PREFIX_PATH}:/opt/ros/iron /usr/bin/cmake --install /home/junghw/ws_ddmobile/build/mobile_dd_robot
[0.270s] -- Install configuration: ""
[0.270s] -- Installing: /home/junghw/ws_ddmobile/install/mobile_dd_robot/share/ament_index/resource_index/package_run_dependencies/mobile_dd_robot
[0.270s] -- Installing: /home/junghw/ws_ddmobile/install/mobile_dd_robot/share/ament_index/resource_index/parent_prefix_path/mobile_dd_robot
[0.270s] -- Up-to-date: /home/junghw/ws_ddmobile/install/mobile_dd_robot/share/mobile_dd_robot/environment/ament_prefix_path.sh
[0.270s] -- Up-to-date: /home/junghw/ws_ddmobile/install/mobile_dd_robot/share/mobile_dd_robot/environment/ament_prefix_path.dsv
[0.270s] -- Up-to-date: /home/junghw/ws_ddmobile/install/mobile_dd_robot/share/mobile_dd_robot/environment/path.sh
[0.270s] -- Up-to-date: /home/junghw/ws_ddmobile/install/mobile_dd_robot/share/mobile_dd_robot/environment/path.dsv
[0.271s] -- Up-to-date: /home/junghw/ws_ddmobile/install/mobile_dd_robot/share/mobile_dd_robot/local_setup.bash
[0.271s] -- Up-to-date: /home/junghw/ws_ddmobile/install/mobile_dd_robot/share/mobile_dd_robot/local_setup.sh
[0.271s] -- Up-to-date: /home/junghw/ws_ddmobile/install/mobile_dd_robot/share/mobile_dd_robot/local_setup.zsh
[0.271s] -- Up-to-date: /home/junghw/ws_ddmobile/install/mobile_dd_robot/share/mobile_dd_robot/local_setup.dsv
[0.271s] -- Installing: /home/junghw/ws_ddmobile/install/mobile_dd_robot/share/mobile_dd_robot/package.dsv
[0.271s] -- Up-to-date: /home/junghw/ws_ddmobile/install/mobile_dd_robot/share/ament_index/resource_index/packages/mobile_dd_robot
[0.271s] -- Up-to-date: /home/junghw/ws_ddmobile/install/mobile_dd_robot/share/mobile_dd_robot/cmake/mobile_dd_robotConfig.cmake
[0.271s] -- Up-to-date: /home/junghw/ws_ddmobile/install/mobile_dd_robot/share/mobile_dd_robot/cmake/mobile_dd_robotConfig-version.cmake
[0.271s] -- Installing: /home/junghw/ws_ddmobile/install/mobile_dd_robot/share/mobile_dd_robot/package.xml
[0.272s] Invoked command in '/home/junghw/ws_ddmobile/build/mobile_dd_robot' returned '0': CMAKE_PREFIX_PATH=${CMAKE_PREFIX_PATH}:/opt/ros/iron /usr/bin/cmake --install /home/junghw/ws_ddmobile/build/mobile_dd_robot
